app/build/intermediates/manifest_merge_blame_file/debug/processDebugMainManifest/manifest-merger-blame-debug-report.txt
1<?xml version="1.0" encoding="utf-8"?>
2<manifest xmlns:android="http://schemas.android.com/apk/res/android"
3    package="com.loveapp.accountbook"
4    android:versionCode="2"
5    android:versionName="1.0.1" >
6
7    <uses-sdk
8        android:minSdkVersion="26"
9        android:targetSdkVersion="34" />
10
11    <uses-permission android:name="android.permission.READ_EXTERNAL_STORAGE" />
11-->src\main\AndroidManifest.xml:5:5-80
11-->src\main\AndroidManifest.xml:5:22-77
12    <uses-permission
12-->src\main\AndroidManifest.xml:6:5-7:38
13        android:name="android.permission.WRITE_EXTERNAL_STORAGE"
13-->src\main\AndroidManifest.xml:6:22-78
14        android:maxSdkVersion="28" />
14-->src\main\AndroidManifest.xml:7:9-35
15    <uses-permission android:name="android.permission.MANAGE_EXTERNAL_STORAGE" />
15-->src\main\AndroidManifest.xml:8:5-9:40
15-->src\main\AndroidManifest.xml:8:22-79
16    <uses-permission android:name="android.permission.CAMERA" />
16-->src\main\AndroidManifest.xml:10:5-65
16-->src\main\AndroidManifest.xml:10:22-62
17    <uses-permission android:name="android.permission.RECORD_AUDIO" />
17-->src\main\AndroidManifest.xml:11:5-71
17-->src\main\AndroidManifest.xml:11:22-68
18    <uses-permission android:name="android.permission.ACCESS_FINE_LOCATION" />
18-->src\main\AndroidManifest.xml:12:5-79
18-->src\main\AndroidManifest.xml:12:22-76
19    <uses-permission android:name="android.permission.ACCESS_COARSE_LOCATION" />
19-->src\main\AndroidManifest.xml:13:5-81
19-->src\main\AndroidManifest.xml:13:22-78
20
21    <uses-feature
21-->src\main\AndroidManifest.xml:15:5-85
22        android:name="android.hardware.camera"
22-->src\main\AndroidManifest.xml:15:19-57
23        android:required="false" />
23-->src\main\AndroidManifest.xml:15:58-82
24    <uses-feature
24-->src\main\AndroidManifest.xml:16:5-89
25        android:name="android.hardware.microphone"
25-->src\main\AndroidManifest.xml:16:19-61
26        android:required="false" />
26-->src\main\AndroidManifest.xml:16:62-86
27
28    <permission
28-->[androidx.core:core:1.12.0] AndroidManifest.xml:22:5-24:47
29        android:name="com.loveapp.accountbook.DYNAMIC_RECEIVER_NOT_EXPORTED_PERMISSION"
29-->[androidx.core:core:1.12.0] AndroidManifest.xml:23:9-81
30        android:protectionLevel="signature" />
30-->[androidx.core:core:1.12.0] AndroidManifest.xml:24:9-44
31
32    <uses-permission android:name="com.loveapp.accountbook.DYNAMIC_RECEIVER_NOT_EXPORTED_PERMISSION" />
32-->[androidx.core:core:1.12.0] AndroidManifest.xml:26:5-97
32-->[androidx.core:core:1.12.0] AndroidManifest.xml:26:22-94
33
34    <application
34-->src\main\AndroidManifest.xml:18:5-51:19
35        android:name="com.loveapp.accountbook.App"
35-->src\main\AndroidManifest.xml:19:9-28
36        android:allowBackup="true"
36-->src\main\AndroidManifest.xml:20:9-35
37        android:appComponentFactory="androidx.core.app.CoreComponentFactory"
37-->[androidx.core:core:1.12.0] AndroidManifest.xml:28:18-86
38        android:debuggable="true"
39        android:extractNativeLibs="false"
40        android:icon="@mipmap/ic_launcher"
40-->src\main\AndroidManifest.xml:21:9-43
41        android:label="@string/app_name"
41-->src\main\AndroidManifest.xml:22:9-41
42        android:requestLegacyExternalStorage="true"
42-->src\main\AndroidManifest.xml:26:9-52
43        android:roundIcon="@mipmap/ic_launcher"
43-->src\main\AndroidManifest.xml:23:9-48
44        android:supportsRtl="true"
44-->src\main\AndroidManifest.xml:24:9-35
45        android:theme="@style/Theme.AccountBook" >
45-->src\main\AndroidManifest.xml:25:9-49
46        <activity
46-->src\main\AndroidManifest.xml:28:9-36:20
47            android:name="com.loveapp.accountbook.ui.splash.SplashActivity"
47-->src\main\AndroidManifest.xml:29:13-53
48            android:exported="true"
48-->src\main\AndroidManifest.xml:30:13-36
49            android:theme="@style/Theme.AccountBook.Splash" >
49-->src\main\AndroidManifest.xml:31:13-60
50            <intent-filter>
50-->src\main\AndroidManifest.xml:32:13-35:29
51                <action android:name="android.intent.action.MAIN" />
51-->src\main\AndroidManifest.xml:33:17-69
51-->src\main\AndroidManifest.xml:33:25-66
52
53                <category android:name="android.intent.category.LAUNCHER" />
53-->src\main\AndroidManifest.xml:34:17-77
53-->src\main\AndroidManifest.xml:34:27-74
54            </intent-filter>
55        </activity>
56        <activity
56-->src\main\AndroidManifest.xml:38:9-40:40
57            android:name="com.loveapp.accountbook.MainActivity"
57-->src\main\AndroidManifest.xml:39:13-41
58            android:exported="false" />
58-->src\main\AndroidManifest.xml:40:13-37
59
60        <provider
61            android:name="androidx.core.content.FileProvider"
61-->src\main\AndroidManifest.xml:43:13-62
62            android:authorities="com.loveapp.accountbook.fileprovider"
62-->src\main\AndroidManifest.xml:44:13-64
63            android:exported="false"
63-->src\main\AndroidManifest.xml:45:13-37
64            android:grantUriPermissions="true" >
64-->src\main\AndroidManifest.xml:46:13-47
65            <meta-data
65-->src\main\AndroidManifest.xml:47:13-49:54
66                android:name="android.support.FILE_PROVIDER_PATHS"
66-->src\main\AndroidManifest.xml:48:17-67
67                android:resource="@xml/file_paths" />
67-->src\main\AndroidManifest.xml:49:17-51
68        </provider>
69        <provider
69-->[androidx.emoji2:emoji2:1.2.0] AndroidManifest.xml:24:9-32:20
70            android:name="androidx.startup.InitializationProvider"
70-->[androidx.emoji2:emoji2:1.2.0] AndroidManifest.xml:25:13-67
71            android:authorities="com.loveapp.accountbook.androidx-startup"
71-->[androidx.emoji2:emoji2:1.2.0] AndroidManifest.xml:26:13-68
72            android:exported="false" >
72-->[androidx.emoji2:emoji2:1.2.0] AndroidManifest.xml:27:13-37
73            <meta-data
73-->[androidx.emoji2:emoji2:1.2.0] AndroidManifest.xml:29:13-31:52
74                android:name="androidx.emoji2.text.EmojiCompatInitializer"
74-->[androidx.emoji2:emoji2:1.2.0] AndroidManifest.xml:30:17-75
75                android:value="androidx.startup" />
75-->[androidx.emoji2:emoji2:1.2.0] AndroidManifest.xml:31:17-49
76            <meta-data
76-->[androidx.lifecycle:lifecycle-process:2.7.0] AndroidManifest.xml:29:13-31:52
77                android:name="androidx.lifecycle.ProcessLifecycleInitializer"
77-->[androidx.lifecycle:lifecycle-process:2.7.0] AndroidManifest.xml:30:17-78
78                android:value="androidx.startup" />
78-->[androidx.lifecycle:lifecycle-process:2.7.0] AndroidManifest.xml:31:17-49
79            <meta-data
79-->[androidx.profileinstaller:profileinstaller:1.3.1] AndroidManifest.xml:29:13-31:52
80                android:name="androidx.profileinstaller.ProfileInstallerInitializer"
80-->[androidx.profileinstaller:profileinstaller:1.3.1] AndroidManifest.xml:30:17-85
81                android:value="androidx.startup" />
81-->[androidx.profileinstaller:profileinstaller:1.3.1] AndroidManifest.xml:31:17-49
82        </provider>
83
84        <activity
84-->[com.google.android.gms:play-services-base:18.1.0] AndroidManifest.xml:20:9-22:45
85            android:name="com.google.android.gms.common.api.GoogleApiActivity"
85-->[com.google.android.gms:play-services-base:18.1.0] AndroidManifest.xml:20:19-85
86            android:exported="false"
86-->[com.google.android.gms:play-services-base:18.1.0] AndroidManifest.xml:22:19-43
87            android:theme="@android:style/Theme.Translucent.NoTitleBar" />
87-->[com.google.android.gms:play-services-base:18.1.0] AndroidManifest.xml:21:19-78
88
89        <meta-data
89-->[com.google.android.gms:play-services-basement:18.1.0] AndroidManifest.xml:21:9-23:69
90            android:name="com.google.android.gms.version"
90-->[com.google.android.gms:play-services-basement:18.1.0] AndroidManifest.xml:22:13-58
91            android:value="@integer/google_play_services_version" />
91-->[com.google.android.gms:play-services-basement:18.1.0] AndroidManifest.xml:23:13-66
92
93        <uses-library
93-->[androidx.window:window:1.0.0] AndroidManifest.xml:25:9-27:40
94            android:name="androidx.window.extensions"
94-->[androidx.window:window:1.0.0] AndroidManifest.xml:26:13-54
95            android:required="false" />
95-->[androidx.window:window:1.0.0] AndroidManifest.xml:27:13-37
96        <uses-library
96-->[androidx.window:window:1.0.0] AndroidManifest.xml:28:9-30:40
97            android:name="androidx.window.sidecar"
97-->[androidx.window:window:1.0.0] AndroidManifest.xml:29:13-51
98            android:required="false" />
98-->[androidx.window:window:1.0.0] AndroidManifest.xml:30:13-37
99
100        <receiver
100-->[androidx.profileinstaller:profileinstaller:1.3.1] AndroidManifest.xml:34:9-52:20
101            android:name="androidx.profileinstaller.ProfileInstallReceiver"
101-->[androidx.profileinstaller:profileinstaller:1.3.1] AndroidManifest.xml:35:13-76
102            android:directBootAware="false"
102-->[androidx.profileinstaller:profileinstaller:1.3.1] AndroidManifest.xml:36:13-44
103            android:enabled="true"
103-->[androidx.profileinstaller:profileinstaller:1.3.1] AndroidManifest.xml:37:13-35
104            android:exported="true"
104-->[androidx.profileinstaller:profileinstaller:1.3.1] AndroidManifest.xml:38:13-36
105            android:permission="android.permission.DUMP" >
105-->[androidx.profileinstaller:profileinstaller:1.3.1] AndroidManifest.xml:39:13-57
106            <intent-filter>
106-->[androidx.profileinstaller:profileinstaller:1.3.1] AndroidManifest.xml:40:13-42:29
107                <action android:name="androidx.profileinstaller.action.INSTALL_PROFILE" />
107-->[androidx.profileinstaller:profileinstaller:1.3.1] AndroidManifest.xml:41:17-91
107-->[androidx.profileinstaller:profileinstaller:1.3.1] AndroidManifest.xml:41:25-88
108            </intent-filter>
109            <intent-filter>
109-->[androidx.profileinstaller:profileinstaller:1.3.1] AndroidManifest.xml:43:13-45:29
110                <action android:name="androidx.profileinstaller.action.SKIP_FILE" />
110-->[androidx.profileinstaller:profileinstaller:1.3.1] AndroidManifest.xml:44:17-85
110-->[androidx.profileinstaller:profileinstaller:1.3.1] AndroidManifest.xml:44:25-82
111            </intent-filter>
112            <intent-filter>
112-->[androidx.profileinstaller:profileinstaller:1.3.1] AndroidManifest.xml:46:13-48:29
113                <action android:name="androidx.profileinstaller.action.SAVE_PROFILE" />
113-->[androidx.profileinstaller:profileinstaller:1.3.1] AndroidManifest.xml:47:17-88
113-->[androidx.profileinstaller:profileinstaller:1.3.1] AndroidManifest.xml:47:25-85
114            </intent-filter>
115            <intent-filter>
115-->[androidx.profileinstaller:profileinstaller:1.3.1] AndroidManifest.xml:49:13-51:29
116                <action android:name="androidx.profileinstaller.action.BENCHMARK_OPERATION" />
116-->[androidx.profileinstaller:profileinstaller:1.3.1] AndroidManifest.xml:50:17-95
116-->[androidx.profileinstaller:profileinstaller:1.3.1] AndroidManifest.xml:50:25-92
117            </intent-filter>
118        </receiver>
119    </application>
120
121</manifest>